[2019-11-21T18:58:37.515Z] starting `/usr/local/lib/heroku/bin/heroku update --autoupdate` from /usr/local/lib/heroku/bin/run version
waiting until 2019-11-21T19:58:37.457Z to update
waiting until 2019-11-21T19:58:37.457Z to update
waiting until 2019-11-21T19:58:37.457Z to update
waiting until 2019-11-21T20:01:09.408Z to update
waiting until 2019-11-21T20:01:09.408Z to update
waiting until 2019-11-21T20:03:17.161Z to update
waiting until 2019-11-21T20:03:17.161Z to update
waiting until 2019-11-21T20:03:17.161Z to update
waiting until 2019-11-21T20:03:17.161Z to update
waiting until 2019-11-21T20:03:17.161Z to update
waiting until 2019-11-21T20:03:17.161Z to update
waiting until 2019-11-21T20:09:27.122Z to update
waiting until 2019-11-21T20:09:27.122Z to update
waiting until 2019-11-21T20:09:27.122Z to update
waiting until 2019-11-21T20:09:27.122Z to update
waiting until 2019-11-21T20:09:27.122Z to update
waiting until 2019-11-21T20:09:27.122Z to update
waiting until 2019-11-21T20:09:27.122Z to update
waiting until 2019-11-21T20:09:27.122Z to update
waiting until 2019-11-21T20:09:27.122Z to update
waiting until 2019-11-21T20:09:27.122Z to update
waiting until 2019-11-21T20:09:27.122Z to update
waiting until 2019-11-21T20:09:27.122Z to update
waiting until 2019-11-21T20:09:27.122Z to update
waiting until 2019-11-21T20:09:27.122Z to update
waiting until 2019-11-21T20:09:27.122Z to update
waiting until 2019-11-21T20:09:27.122Z to update
waiting until 2019-11-21T20:09:27.122Z to update
waiting until 2019-11-21T20:09:27.122Z to update
waiting until 2019-11-21T20:09:27.122Z to update
waiting until 2019-11-21T20:09:27.122Z to update
waiting until 2019-11-21T20:09:27.122Z to update
waiting until 2019-11-21T20:09:27.122Z to update
waiting until 2019-11-21T20:09:27.122Z to update
waiting until 2019-11-21T20:09:27.122Z to update
waiting until 2019-11-21T20:09:27.122Z to update
waiting until 2019-11-21T20:09:27.122Z to update
waiting until 2019-11-21T20:09:27.122Z to update
waiting until 2019-11-21T20:09:27.122Z to update
waiting until 2019-11-21T20:09:27.122Z to update
waiting until 2019-11-21T20:09:27.122Z to update
waiting until 2019-11-21T20:09:27.122Z to update
waiting until 2019-11-21T20:09:27.122Z to update
waiting until 2019-11-21T20:09:27.122Z to update
waiting until 2019-11-21T20:09:27.122Z to update
waiting until 2019-11-21T20:09:27.122Z to update
waiting until 2019-11-21T20:09:27.122Z to update
waiting until 2019-11-21T20:09:27.122Z to update
waiting until 2019-11-21T20:09:27.122Z to update
waiting until 2019-11-21T20:09:27.122Z to update
waiting until 2019-11-21T20:09:27.122Z to update
waiting until 2019-11-21T20:09:27.122Z to update
waiting until 2019-11-21T20:09:27.122Z to update
waiting until 2019-11-21T20:09:27.122Z to update
waiting until 2019-11-21T20:09:27.122Z to update
waiting until 2019-11-21T20:09:27.122Z to update
waiting until 2019-11-21T20:09:27.122Z to update
waiting until 2019-11-21T20:09:27.122Z to update
waiting until 2019-11-21T20:09:27.122Z to update
waiting until 2019-11-21T20:09:27.122Z to update
waiting until 2019-11-21T20:09:27.122Z to update
waiting until 2019-11-21T20:09:27.122Z to update
waiting until 2019-11-21T20:09:27.122Z to update
waiting until 2019-11-21T20:09:27.122Z to update
waiting until 2019-11-21T20:09:27.122Z to update
waiting until 2019-11-21T20:09:27.122Z to update
waiting until 2019-11-21T20:09:27.122Z to update
waiting until 2019-11-21T20:09:27.122Z to update
waiting until 2019-11-21T20:09:27.122Z to update
waiting until 2019-11-21T20:09:27.122Z to update
waiting until 2019-11-21T20:09:27.122Z to update
time to update
heroku: Updating CLI... already on latest version: 7.35.0
Updating completions...
Updating completions... done
